加载D:\API_Test\config\settings.ini文件......
读取数据 ==>> {'host': {'api_url': 'http://ihrm-test.itheima.net'}}
加载D:\API_Test\testcases\data\api_test_data.yaml文件......
加载D:\API_Test\config\settings.ini文件......
读取数据 ==>> {'host': {'api_url': 'http://ihrm-test.itheima.net'}}
加载D:\API_Test\testcases\data\api_test_data.yaml文件......
加载D:\API_Test\config\settings.ini文件......
读取数据 ==>> {'host': {'api_url': 'http://ihrm-test.itheima.net'}}
加载D:\API_Test\data\api_test_data.yaml文件......
加载D:\API_Test\config\settings.ini文件......
读取数据 ==>> {'host': {'api_url': 'http://ihrm-test.itheima.net'}}
加载D:\API_Test\data\api_test_data.yaml文件......
加载D:\API_Test\config\settings.ini文件......
读取数据 ==>> {'host': {'api_url': 'http://ihrm-test.itheima.net'}}
加载D:\API_Test\data\api_test_data.yml文件......
加载D:\API_Test\config\settings.ini文件......
读取数据 ==>> {'host': {'api_url': 'http://ihrm-test.itheima.net'}}
加载D:\API_Test\data\api_test_data.yml文件......
加载D:\API_Test\config\settings.ini文件......
读取数据 ==>> {'host': {'api_url': 'http://ihrm-test.itheima.net'}}
加载D:\API_Test\data\api_test_data.yml文件......
加载D:\API_Test\config\settings.ini文件......
读取数据 ==>> {'host': {'api_url': 'http://ihrm-test.itheima.net'}}
加载D:\API_Test\data\api_test_data.yml文件......
